i	X	R	MACH	THETA	massflow
0	0	1	1.13196	0	5.91048
1	5.00773e-05	0.999906	1.13199	0.00332523	5.90936
2	0.000200334	0.999622	1.13209	0.013282	5.90603
3	0.000450916	0.99915	1.13226	0.0298202	5.90047
4	0.0008021	0.99849	1.13249	0.0528597	5.8927
5	0.00125429	0.997641	1.13279	0.0822912	5.88271
6	0.00180804	0.996604	1.13316	0.117977	5.87052
7	0.00246399	0.99538	1.13359	0.15975	5.85614
8	0.00322293	0.993968	1.1341	0.207418	5.83957
9	0.00408576	0.992369	1.13467	0.260761	5.82083
10	0.0050535	0.990583	1.1353	0.319534	5.79993
11	0.00612727	0.988612	1.136	0.38347	5.77689
12	0.00730828	0.986455	1.13677	0.452279	5.75172
13	0.00859784	0.984114	1.13761	0.525649	5.72445
14	0.00999736	0.981589	1.13851	0.60325	5.69509
15	0.0115083	0.978882	1.13948	0.684737	5.66367
16	0.0131322	0.975991	1.14051	0.769747	5.63022
17	0.0148707	0.97292	1.14161	0.857906	5.59475
18	0.0167254	0.969669	1.14278	0.948828	5.55729
19	0.0186979	0.966238	1.144	1.04212	5.51788
20	0.0207901	0.962629	1.14529	1.13738	5.47655
21	0.0230035	0.958842	1.14664	1.23421	5.43332
22	0.0253399	0.954881	1.14804	1.3322	5.38823
23	0.0278011	0.950744	1.14951	1.43095	5.34132
24	0.0303885	0.946434	1.15102	1.53006	5.29262
25	0.033104	0.941953	1.1526	1.62914	5.24218
26	0.035949	0.9373	1.15422	1.72781	5.19004
27	0.038925	0.932479	1.15588	1.82569	5.13623
28	0.0420334	0.927491	1.1576	1.92242	5.0808
29	0.0452756	0.922336	1.15935	2.01766	5.0238
30	0.0486527	0.917017	1.16114	2.11109	4.96528
31	0.0521659	0.911536	1.16297	2.20241	4.90528
32	0.0558161	0.905894	1.16482	2.29132	4.84385
33	0.059604	0.900092	1.16671	2.37757	4.78105
34	0.0635304	0.894134	1.16862	2.46093	4.71692
35	0.0675957	0.888021	1.17055	2.54118	4.65153
36	0.0718003	0.881754	1.17249	2.61814	4.58493
37	0.0761443	0.875335	1.17445	2.69165	4.51717
38	0.0806278	0.868768	1.17642	2.76158	4.44831
39	0.0852505	0.862054	1.1784	2.82782	4.37841
40	0.0900121	0.855194	1.18038	2.8903	4.30754
41	0.0949121	0.848192	1.18235	2.94897	4.23575
42	0.0999497	0.841049	1.18433	3.0038	4.1631
43	0.105124	0.833768	1.1863	3.05479	4.08965
44	0.110434	0.826351	1.18827	3.10195	4.01548
45	0.115879	0.818801	1.19022	3.14533	3.94063
46	0.121457	0.81112	1.19217	3.18499	3.86518
47	0.127167	0.80331	1.1941	3.22101	3.78919
48	0.133006	0.795374	1.19602	3.25348	3.71272
49	0.138975	0.787315	1.19793	3.28251	3.63583
50	0.14507	0.779135	1.19983	3.30822	3.55859
51	0.151289	0.770838	1.20172	3.33073	3.48107
52	0.157632	0.762424	1.2036	3.35019	3.40333
53	0.164095	0.753898	1.20547	3.36674	3.32542
54	0.170677	0.745263	1.20734	3.38052	3.24743
55	0.177376	0.73652	1.2092	3.39168	3.16939
56	0.184189	0.727673	1.21106	3.40036	3.09139
57	0.191114	0.718725	1.21292	3.40671	3.01347
58	0.19815	0.709679	1.21479	3.41086	2.93571
59	0.205293	0.700538	1.21668	3.41295	2.85815
60	0.212542	0.691305	1.21857	3.41312	2.78087
61	0.219895	0.681983	1.22049	3.41146	2.70391
62	0.22735	0.672575	1.22243	3.40811	2.62734
63	0.234905	0.663084	1.2244	3.40315	2.55121
64	0.242557	0.653513	1.2264	3.39669	2.47559
65	0.250305	0.643866	1.22845	3.3888	2.40051
66	0.258147	0.634146	1.23054	3.37955	2.32604
67	0.266081	0.624357	1.23268	3.36901	2.25223
68	0.274105	0.614501	1.23488	3.35723	2.17913
69	0.282219	0.604582	1.23715	3.34424	2.10679
70	0.290419	0.594604	1.23948	3.33008	2.03526
71	0.298704	0.584569	1.24189	3.31477	1.96458
72	0.307074	0.574482	1.24437	3.29832	1.89481
73	0.315526	0.564345	1.24695	3.28075	1.82598
74	0.324058	0.554163	1.24961	3.26204	1.75815
75	0.33267	0.543939	1.25237	3.2422	1.69134
76	0.34136	0.533677	1.25523	3.22121	1.62561
77	0.350126	0.523379	1.25819	3.19906	1.56098
78	0.358967	0.513051	1.26127	3.17572	1.4975
79	0.367882	0.502695	1.26445	3.15118	1.4352
80	0.376868	0.492316	1.26776	3.12542	1.37412
81	0.385924	0.481917	1.27118	3.0984	1.31428
82	0.39505	0.471502	1.27472	3.0701	1.25572
83	0.404242	0.461074	1.27839	3.04051	1.19846
84	0.413499	0.450638	1.28219	3.00959	1.14253
85	0.42282	0.440198	1.28611	2.97733	1.08795
86	0.432202	0.429757	1.29017	2.9437	1.03475
87	0.441643	0.419319	1.29435	2.9087	0.982939
88	0.451141	0.408889	1.29867	2.8723	0.932539
89	0.460693	0.39847	1.30311	2.8345	0.883566
90	0.470298	0.388067	1.30768	2.79529	0.836033
91	0.479952	0.377683	1.31239	2.75466	0.78995
92	0.489652	0.367323	1.31722	2.71262	0.745327
93	0.499396	0.356991	1.32217	2.66917	0.702169
94	0.50918	0.34669	1.32724	2.62432	0.660481
95	0.519001	0.336426	1.33244	2.57808	0.620265
96	0.528855	0.326202	1.33775	2.53046	0.581521
97	0.538737	0.316023	1.34317	2.48148	0.544246
98	0.548645	0.305893	1.3487	2.43117	0.508436
99	0.558573	0.295817	1.35434	2.37954	0.474083
100	0.568518	0.285799	1.36007	2.32662	0.441179
101	0.578473	0.275842	1.3659	2.27244	0.409712
102	0.588434	0.265953	1.37181	2.21705	0.379668
103	0.598396	0.256136	1.37781	2.16046	0.351032
104	0.608353	0.246394	1.38388	2.10273	0.323787
105	0.618298	0.236733	1.39001	2.04389	0.297912
106	0.628227	0.227158	1.39621	1.98399	0.273386
107	0.638131	0.217673	1.40247	1.92307	0.250187
108	0.648005	0.208284	1.40877	1.8612	0.228287
109	0.657842	0.198995	1.41511	1.79841	0.207661
110	0.667634	0.189811	1.42148	1.73477	0.18828
111	0.677373	0.180738	1.42787	1.67033	0.170114
112	0.687051	0.17178	1.43428	1.60517	0.15313
113	0.696661	0.162944	1.44069	1.53936	0.137296
114	0.706193	0.154235	1.4471	1.47295	0.122577
115	0.715639	0.145657	1.45349	1.40604	0.108938
116	0.72499	0.137219	1.45986	1.33871	0.0963415
117	0.734236	0.128924	1.4662	1.27104	0.0847499
118	0.743367	0.120779	1.4725	1.20314	0.0741244
119	0.752372	0.112792	1.47875	1.13511	0.0644254
120	0.761242	0.104968	1.48494	1.06704	0.0556123
121	0.769965	0.0973143	1.49105	0.999079	0.0476443
122	0.778528	0.0898384	1.49709	0.931336	0.0404795
123	0.782725	0.0825479	1.49987	0.85898	0.0341265
124	0.783236	0.075451	1.49993	0.78424	0.028508
125	0.783484	0.0685561	1.49982	0.711654	0.0235356
126	0.783962	0.0618726	1.49993	0.641777	0.0191683
127	0.784193	0.0554104	1.49988	0.57421	0.0153729
128	0.784415	0.0491802	1.49986	0.509254	0.0121099
129	0.784628	0.0431939	1.49986	0.446987	0.0093409
130	0.784832	0.0374645	1.49989	0.387509	0.00702696
131	0.785025	0.0320069	1.49992	0.330939	0.00512856
132	0.785208	0.0268379	1.49997	0.277422	0.00360565
133	0.785293	0.0219768	1.49997	0.227111	0.00241776
134	0.785373	0.0174471	1.49998	0.180266	0.00152377
135	0.785446	0.013277	1.5	0.137165	0.00088241
136	0.78548	0.00950296	1.5	0.0981656	0.000452048
137	0.785494	0.00617372	1.49999	0.0637702	0.000190791
138	0.785506	0.00336107	1.5	0.0347166	5.65484e-05
139	0.785511	0.00118843	1.5	0.0122752	7.06988e-06
140	0.785514	0	1.5	0	0
